17-02-2025 11:56:03.481 - root - DEBUG - Tables exist
17-02-2025 11:56:11.386 - Program - INFO - Exiting the system
17-02-2025 11:59:28.295 - root - DEBUG - Tables exist
17-02-2025 11:59:44.264 - Login - INFO - User registered successfully.
17-02-2025 11:59:48.647 - Login - DEBUG - Login successful
17-02-2025 11:59:53.236 - Ride - INFO - Rates configured: Stopped=0.02, Moving=0.05
17-02-2025 11:59:53.236 - Program - INFO - Ride starts
17-02-2025 11:59:56.302 - Ride - INFO - Taxi in movement
17-02-2025 11:59:56.334 - Ride - INFO - Trip added to txt history
17-02-2025 11:59:56.341 - Ride - INFO - Trip added to SQL history
17-02-2025 11:59:58.190 - Ride - DEBUG - Trip ended. Stopped fare=0.00 sec, Moving fare=0.07 sec, Total=0,07 €
17-02-2025 12:00:07.810 - Program - INFO - Exiting the system
17-02-2025 12:02:36.749 - root - DEBUG - Tables exist
17-02-2025 12:02:43.887 - Login - DEBUG - Login successful
17-02-2025 12:02:48.837 - Ride - INFO - Rates configured: Stopped=0.02, Moving=0.05
17-02-2025 12:02:48.838 - Program - INFO - Ride starts
17-02-2025 12:02:51.814 - Ride - INFO - Taxi in movement
17-02-2025 12:02:54.523 - Ride - INFO - Taxi is waiting
17-02-2025 12:02:54.549 - Ride - INFO - Trip added to txt history
17-02-2025 12:02:54.557 - Ride - INFO - Trip added to SQL history
17-02-2025 12:02:56.099 - Ride - DEBUG - Trip ended. Stopped fare=0.03 sec, Moving fare=0.06 sec, Total=0,10 €
17-02-2025 12:03:05.571 - Program - INFO - Exiting the system
17-02-2025 12:03:07.640 - root - DEBUG - Tables exist
17-02-2025 12:03:22.332 - Login - ERROR - Incorrect username or password
17-02-2025 12:03:23.089 - Login - INFO - Exiting the system
17-02-2025 12:03:24.486 - root - DEBUG - Tables exist
17-02-2025 12:03:32.846 - Login - INFO - User registered successfully.
17-02-2025 12:03:37.107 - Login - DEBUG - Login successful
17-02-2025 12:03:42.781 - Program - INFO - Exiting the system
